<?xml version="1.0" encoding="UTF-8"?>
<testsuites name="All Test Cases" time="108" tests="3" failures="0" errors="0">
   <testsuite name="All Test Cases" tests="3" failures="0" errors="0" time="108" timestamp="2018-10-28 00:13:45" hostname="enesaydin - 192.168.1.7" id="">
      <properties>
         <property name="deviceName" value=""/>
         <property name="devicePlatform" value=""/>
         <property name="logFolder" value="/Users/enesaydin/Katalon Studio/base7AutomationProject/Reports/All Test Cases/20181028_001342"/>
         <property name="logFiles" value="/Users/enesaydin/Katalon Studio/base7AutomationProject/Reports/All Test Cases/20181028_001342/execution0.log"/>
         <property name="attachments" value="/Users/enesaydin/Katalon Studio/base7AutomationProject/Reports/All Test Cases/20181028_001342/1540674850079.png, /Users/enesaydin/Katalon Studio/base7AutomationProject/Reports/All Test Cases/20181028_001342/1540674901681.png"/>
         <property name="hostName" value="enesaydin - 192.168.1.7"/>
         <property name="os" value="Mac OS X 64bit"/>
         <property name="katalonVersion" value="5.8.3.2"/>
         <property name="browser" value="Chrome 70.0.3538.77"/>
         <property name="hostAddress" value="192.168.1.7"/>
         <property name="sessionId" value="b0ddfc25e94ca310631f1397fa3a61ca"/>
         <property name="seleniumVersion" value="3.7.1"/>
         <property name="proxyInformation" value="ProxyInformation{proxyOption=NO_PROXY, proxyServerType=HTTP, password=, proxyServerAddress=, proxyServerPort=0}"/>
         <property name="platform" value="Mac OS X"/>
      </properties>
      <testcase name="Test Cases/CalenderPage/testNewOutofOrder" classname="Test Cases/CalenderPage/testNewOutofOrder" status="PASSED">
         <system-out><![CDATA[2018-10-28 00:13:45 - [TEST_CASE][PASSED] - Test Cases/CalenderPage/testNewOutofOrder: Test Cases/CalenderPage/testNewOutofOrder

2018-10-28 00:13:46 - [TEST_STEP][PASSED] - callTestCase: Call Test Case 'Test Cases/Base7Login/Login' successfully

2018-10-28 00:13:46 - [TEST_CASE][PASSED] - Test Cases/Base7Login/Login: Test Cases/Base7Login/Login

2018-10-28 00:13:46 - [TEST_STEP][PASSED] - openBrowser: Browser is opened with url: ''

2018-10-28 00:13:50 - [MESSAGE][PASSED] - Browser is opened with url: ''

2018-10-28 00:13:50 - [TEST_STEP][PASSED] - waitForPageLoad: Wait for page load successfully

2018-10-28 00:13:51 - [MESSAGE][PASSED] - Wait for page load successfully

2018-10-28 00:13:51 - [TEST_STEP][PASSED] - navigateToUrl: Navigate to 'https://waccamaw.base7.io/' successfully

2018-10-28 00:14:00 - [MESSAGE][PASSED] - Navigate to 'https://waccamaw.base7.io/' successfully

2018-10-28 00:14:00 - [TEST_STEP][PASSED] - waitForElementVisible: Object 'Object Repository/LoginPage/usernameinput' is visible

2018-10-28 00:14:00 - [MESSAGE][PASSED] - Object 'Object Repository/LoginPage/usernameinput' is visible

2018-10-28 00:14:00 - [TEST_STEP][PASSED] - sendKeys: Keys 'admin' sent to object: 'Object Repository/LoginPage/usernameinput'

2018-10-28 00:14:00 - [MESSAGE][PASSED] - Keys 'admin' sent to object: 'Object Repository/LoginPage/usernameinput'

2018-10-28 00:14:00 - [TEST_STEP][PASSED] - sendKeys: Keys 'admin123' sent to object: 'Object Repository/LoginPage/passwordinput'

2018-10-28 00:14:01 - [MESSAGE][PASSED] - Keys 'admin123' sent to object: 'Object Repository/LoginPage/passwordinput'

2018-10-28 00:14:01 - [TEST_STEP][PASSED] - click: Object: 'Object Repository/LoginPage/signinbutton' is clicked on

2018-10-28 00:14:01 - [MESSAGE][PASSED] - Object: 'Object Repository/LoginPage/signinbutton' is clicked on

2018-10-28 00:14:01 - [TEST_STEP][PASSED] - waitForPageLoad: Wait for page load successfully

2018-10-28 00:14:01 - [MESSAGE][PASSED] - Wait for page load successfully

2018-10-28 00:14:01 - [TEST_STEP][PASSED] - verifyElementPresent: Object 'Object Repository/CalenderPage/newRezervationButton' is present

2018-10-28 00:14:04 - [MESSAGE][PASSED] - Object 'Object Repository/CalenderPage/newRezervationButton' is present

2018-10-28 00:14:04 - [MESSAGE][PASSED] - Call Test Case 'Test Cases/Base7Login/Login' successfully

2018-10-28 00:14:04 - [TEST_STEP][PASSED] - callTestCase: Call Test Case 'Test Cases/Helper/deleteRezervation' successfully

2018-10-28 00:14:04 - [TEST_CASE][PASSED] - Test Cases/Helper/deleteRezervation: Test Cases/Helper/deleteRezervation

2018-10-28 00:14:04 - [TEST_STEP][FAILED] - Statement - Try: Unable to verify object 'Object Repository/CalenderPage/rezervation' is visible (Root cause: org.openqa.selenium.InvalidSelectorException: invalid selector: Unable to locate an element with the xpath expression  because of the following error:
SyntaxError: Failed to execute 'evaluate' on 'Document': The string '' is not a valid XPath expression.
  (Session info: chrome=70.0.3538.77)
  (Driver info: chromedriver=2.35.528157 (4429ca2590d6988c0745c24c8858745aaaec01ef),platform=Mac OS X 10.14.0 x86_64) (WARNING: The server did not provide any stacktrace information)
Command duration or timeout: 0 milliseconds
For documentation on this error, please visit: http://seleniumhq.org/exceptions/invalid_selector_exception.html
Build info: version: '3.7.1', revision: '8a0099a', time: '2017-11-06T21:07:36.161Z'
System info: host: 'Enes-MacBook-Air.local', ip: 'fe80:0:0:0:10c2:32f2:6b9:4db8%en0', os.name: 'Mac OS X', os.arch: 'x86_64', os.version: '10.14', java.version: '1.8.0_181'
Driver info: com.kms.katalon.selenium.driver.CChromeDriver
Capabilities {acceptInsecureCerts: false, acceptSslCerts: false, applicationCacheEnabled: false, browserConnectionEnabled: false, browserName: chrome, chrome: {chromedriverVersion: 2.35.528157 (4429ca2590d698..., userDataDir: /var/folders/kr/9v7lxhbx5y7...}, cssSelectorsEnabled: true, databaseEnabled: false, handlesAlerts: true, hasTouchScreen: false, javascriptEnabled: true, locationContextEnabled: true, mobileEmulationEnabled: false, nativeEvents: true, networkConnectionEnabled: false, pageLoadStrategy: normal, platform: MAC, platformName: MAC, rotatable: false, setWindowRect: true, takesHeapSnapshot: true, takesScreenshot: true, unexpectedAlertBehaviour: , unhandledPromptBehavior: , version: 70.0.3538.77, webStorageEnabled: true}
Session ID: 44faa55400b1f467bdc8e28efb8b70c9
*** Element info: {Using=xpath, value=})

2018-10-28 00:14:04 - [TEST_STEP][FAILED] - Statement - While (com.kms.katalon.core.webui.keyword.WebUiBuiltInKeywords.verifyElementVisible(com.kms.katalon.core.testobject.ObjectRepository.findTestObject(CalenderPage/rezervation))): Unable to verify object 'Object Repository/CalenderPage/rezervation' is visible (Root cause: org.openqa.selenium.InvalidSelectorException: invalid selector: Unable to locate an element with the xpath expression  because of the following error:
SyntaxError: Failed to execute 'evaluate' on 'Document': The string '' is not a valid XPath expression.
  (Session info: chrome=70.0.3538.77)
  (Driver info: chromedriver=2.35.528157 (4429ca2590d6988c0745c24c8858745aaaec01ef),platform=Mac OS X 10.14.0 x86_64) (WARNING: The server did not provide any stacktrace information)
Command duration or timeout: 0 milliseconds
For documentation on this error, please visit: http://seleniumhq.org/exceptions/invalid_selector_exception.html
Build info: version: '3.7.1', revision: '8a0099a', time: '2017-11-06T21:07:36.161Z'
System info: host: 'Enes-MacBook-Air.local', ip: 'fe80:0:0:0:10c2:32f2:6b9:4db8%en0', os.name: 'Mac OS X', os.arch: 'x86_64', os.version: '10.14', java.version: '1.8.0_181'
Driver info: com.kms.katalon.selenium.driver.CChromeDriver
Capabilities {acceptInsecureCerts: false, acceptSslCerts: false, applicationCacheEnabled: false, browserConnectionEnabled: false, browserName: chrome, chrome: {chromedriverVersion: 2.35.528157 (4429ca2590d698..., userDataDir: /var/folders/kr/9v7lxhbx5y7...}, cssSelectorsEnabled: true, databaseEnabled: false, handlesAlerts: true, hasTouchScreen: false, javascriptEnabled: true, locationContextEnabled: true, mobileEmulationEnabled: false, nativeEvents: true, networkConnectionEnabled: false, pageLoadStrategy: normal, platform: MAC, platformName: MAC, rotatable: false, setWindowRect: true, takesHeapSnapshot: true, takesScreenshot: true, unexpectedAlertBehaviour: , unhandledPromptBehavior: , version: 70.0.3538.77, webStorageEnabled: true}
Session ID: 44faa55400b1f467bdc8e28efb8b70c9
*** Element info: {Using=xpath, value=})

2018-10-28 00:14:10 - [MESSAGE][FAILED] - Unable to verify object 'Object Repository/CalenderPage/rezervation' is visible (Root cause: org.openqa.selenium.InvalidSelectorException: invalid selector: Unable to locate an element with the xpath expression  because of the following error:
SyntaxError: Failed to execute 'evaluate' on 'Document': The string '' is not a valid XPath expression.
  (Session info: chrome=70.0.3538.77)
  (Driver info: chromedriver=2.35.528157 (4429ca2590d6988c0745c24c8858745aaaec01ef),platform=Mac OS X 10.14.0 x86_64) (WARNING: The server did not provide any stacktrace information)
Command duration or timeout: 0 milliseconds
For documentation on this error, please visit: http://seleniumhq.org/exceptions/invalid_selector_exception.html
Build info: version: '3.7.1', revision: '8a0099a', time: '2017-11-06T21:07:36.161Z'
System info: host: 'Enes-MacBook-Air.local', ip: 'fe80:0:0:0:10c2:32f2:6b9:4db8%en0', os.name: 'Mac OS X', os.arch: 'x86_64', os.version: '10.14', java.version: '1.8.0_181'
Driver info: com.kms.katalon.selenium.driver.CChromeDriver
Capabilities {acceptInsecureCerts: false, acceptSslCerts: false, applicationCacheEnabled: false, browserConnectionEnabled: false, browserName: chrome, chrome: {chromedriverVersion: 2.35.528157 (4429ca2590d698..., userDataDir: /var/folders/kr/9v7lxhbx5y7...}, cssSelectorsEnabled: true, databaseEnabled: false, handlesAlerts: true, hasTouchScreen: false, javascriptEnabled: true, locationContextEnabled: true, mobileEmulationEnabled: false, nativeEvents: true, networkConnectionEnabled: false, pageLoadStrategy: normal, platform: MAC, platformName: MAC, rotatable: false, setWindowRect: true, takesHeapSnapshot: true, takesScreenshot: true, unexpectedAlertBehaviour: , unhandledPromptBehavior: , version: 70.0.3538.77, webStorageEnabled: true}
Session ID: 44faa55400b1f467bdc8e28efb8b70c9
*** Element info: {Using=xpath, value=})
[[ATTACHMENT|/Users/enesaydin/Katalon Studio/base7AutomationProject/Reports/All Test Cases/20181028_001342/1540674850079.png]]

2018-10-28 00:14:10 - [TEST_STEP][PASSED] - Statement - Catch (Exception e): null

2018-10-28 00:14:10 - [MESSAGE][PASSED] - Call Test Case 'Test Cases/Helper/deleteRezervation' successfully

2018-10-28 00:14:10 - [TEST_STEP][PASSED] - callTestCase: Call Test Case 'Test Cases/Helper/newOutoOfOrder' successfully

2018-10-28 00:14:10 - [TEST_CASE][PASSED] - Test Cases/Helper/newOutoOfOrder: Test Cases/Helper/newOutoOfOrder

2018-10-28 00:14:10 - [TEST_STEP][PASSED] - waitForElementClickable: Object 'Object Repository/CalenderPage/newOutofOrderButton' is clickable

2018-10-28 00:14:10 - [MESSAGE][PASSED] - Object 'Object Repository/CalenderPage/newOutofOrderButton' is clickable

2018-10-28 00:14:10 - [TEST_STEP][PASSED] - click: Object: 'Object Repository/CalenderPage/newOutofOrderButton' is clicked on

2018-10-28 00:14:11 - [MESSAGE][PASSED] - Object: 'Object Repository/CalenderPage/newOutofOrderButton' is clicked on

2018-10-28 00:14:11 - [TEST_STEP][PASSED] - waitForElementClickable: Object 'Object Repository/CalenderPage/1stFloor103' is clickable

2018-10-28 00:14:11 - [MESSAGE][PASSED] - Object 'Object Repository/CalenderPage/1stFloor103' is clickable

2018-10-28 00:14:11 - [TEST_STEP][PASSED] - doubleClick: Object: 'Object Repository/CalenderPage/1stFloor103' is double clicked on

2018-10-28 00:14:11 - [MESSAGE][PASSED] - Object: 'Object Repository/CalenderPage/1stFloor103' is double clicked on

2018-10-28 00:14:11 - [TEST_STEP][PASSED] - Statement - x = com.kms.katalon.core.webui.keyword.WebUiBuiltInKeywords.getElementLeftPosition(com.kms.katalon.core.testobject.ObjectRepository.findTestObject(CalenderPage/1stFloor103), STOP_ON_FAILURE): Left position of element 'Object Repository/CalenderPage/1stFloor103' is '226'

2018-10-28 00:14:11 - [MESSAGE][PASSED] - Left position of element 'Object Repository/CalenderPage/1stFloor103' is '226'

2018-10-28 00:14:11 - [TEST_STEP][PASSED] - clickOffset: Object: 'Object Repository/CalenderPage/1stFloor103' is clicked on using offset x=376 and y=326

2018-10-28 00:14:11 - [MESSAGE][PASSED] - Object: 'Object Repository/CalenderPage/1stFloor103' is clicked on using offset x=376 and y=326

2018-10-28 00:14:11 - [TEST_STEP][PASSED] - waitForElementClickable: Object 'Object Repository/CalenderPage/saveButton' is clickable

2018-10-28 00:14:12 - [MESSAGE][PASSED] - Object 'Object Repository/CalenderPage/saveButton' is clickable

2018-10-28 00:14:12 - [TEST_STEP][PASSED] - Statement - driver = com.kms.katalon.core.webui.driver.DriverFactory.getWebDriver(): null

2018-10-28 00:14:12 - [TEST_STEP][PASSED] - Statement - For ([i = 3, i < 8, (i++)]): null

2018-10-28 00:14:12 - [TEST_STEP][PASSED] - Statement - element = driver.findElement(org.openqa.selenium.By.xpath("((//div[@class='mtop'])[1]//label)[" + i + "]/input")).click(): null

2018-10-28 00:14:12 - [TEST_STEP][PASSED] - Statement - element = driver.findElement(org.openqa.selenium.By.xpath("((//div[@class='mtop'])[1]//label)[" + i + "]/input")).click(): null

2018-10-28 00:14:12 - [TEST_STEP][PASSED] - Statement - element = driver.findElement(org.openqa.selenium.By.xpath("((//div[@class='mtop'])[1]//label)[" + i + "]/input")).click(): null

2018-10-28 00:14:12 - [TEST_STEP][PASSED] - Statement - element = driver.findElement(org.openqa.selenium.By.xpath("((//div[@class='mtop'])[1]//label)[" + i + "]/input")).click(): null

2018-10-28 00:14:12 - [TEST_STEP][PASSED] - Statement - element = driver.findElement(org.openqa.selenium.By.xpath("((//div[@class='mtop'])[1]//label)[" + i + "]/input")).click(): null

2018-10-28 00:14:12 - [TEST_STEP][PASSED] - click: Object: 'Object Repository/CalenderPage/saveButton' is clicked on

2018-10-28 00:14:12 - [MESSAGE][PASSED] - Object: 'Object Repository/CalenderPage/saveButton' is clicked on

2018-10-28 00:14:12 - [TEST_STEP][PASSED] - delay: Delayed 5 second(s)

2018-10-28 00:14:17 - [MESSAGE][PASSED] - Delayed 5 second(s)

2018-10-28 00:14:17 - [MESSAGE][PASSED] - Call Test Case 'Test Cases/Helper/newOutoOfOrder' successfully

2018-10-28 00:14:17 - [TEST_STEP][PASSED] - callTestCase: Call Test Case 'Test Cases/Helper/deleteOutoOfOrder' successfully

2018-10-28 00:14:17 - [TEST_CASE][PASSED] - Test Cases/Helper/deleteOutoOfOrder: Test Cases/Helper/deleteOutoOfOrder

2018-10-28 00:14:18 - [TEST_STEP][PASSED] - Statement - driver = com.kms.katalon.core.webui.driver.DriverFactory.getWebDriver(): null

2018-10-28 00:14:18 - [TEST_STEP][PASSED] - Statement - calEvents = driver.findElements(org.openqa.selenium.By.xpath("//div[contains(@class, 'cal-unavail')]/div[@class='cal-event-title']")): null

2018-10-28 00:14:18 - [TEST_STEP][PASSED] - Statement - While (true): null

2018-10-28 00:14:18 - [TEST_STEP][PASSED] - Statement - calEvent = driver.findElement(org.openqa.selenium.By.xpath("(//div[contains(@class, 'cal-unavail')]/div[@class='cal-event-title'])[1]")): null

2018-10-28 00:14:18 - [TEST_STEP][PASSED] - basePackage.BaseClass.waitElementClickable: basePackage.BaseClass.waitElementClickable is PASSED

2018-10-28 00:14:18 - [MESSAGE][PASSED] - basePackage.BaseClass.waitElementClickable is PASSED

2018-10-28 00:14:18 - [TEST_STEP][PASSED] - Statement - calEvent.click(): null

2018-10-28 00:14:18 - [TEST_STEP][PASSED] - waitForElementClickable: Object 'Object Repository/CalenderPage/eventDeleteButton' is clickable

2018-10-28 00:14:18 - [MESSAGE][PASSED] - Object 'Object Repository/CalenderPage/eventDeleteButton' is clickable

2018-10-28 00:14:18 - [TEST_STEP][PASSED] - click: Object: 'Object Repository/CalenderPage/eventDeleteButton' is clicked on

2018-10-28 00:14:18 - [MESSAGE][PASSED] - Object: 'Object Repository/CalenderPage/eventDeleteButton' is clicked on

2018-10-28 00:14:18 - [TEST_STEP][PASSED] - waitForElementClickable: Object 'Object Repository/MainObjects/SuccessNotification' is clickable

2018-10-28 00:14:19 - [MESSAGE][PASSED] - Object 'Object Repository/MainObjects/SuccessNotification' is clickable

2018-10-28 00:14:19 - [TEST_STEP][PASSED] - verifyElementText: Actual text and expected text of test object 'Object Repository/MainObjects/SuccessNotification' are matched.

2018-10-28 00:14:19 - [MESSAGE][PASSED] - Actual text and expected text of test object 'Object Repository/MainObjects/SuccessNotification' are matched.

2018-10-28 00:14:19 - [TEST_STEP][PASSED] - click: Object: 'Object Repository/MainObjects/SuccessNotification' is clicked on

2018-10-28 00:14:19 - [MESSAGE][PASSED] - Object: 'Object Repository/MainObjects/SuccessNotification' is clicked on

2018-10-28 00:14:19 - [TEST_STEP][PASSED] - delay: Delayed 5 second(s)

2018-10-28 00:14:24 - [MESSAGE][PASSED] - Delayed 5 second(s)

2018-10-28 00:14:24 - [TEST_STEP][PASSED] - Statement - Try: null

2018-10-28 00:14:24 - [TEST_STEP][PASSED] - Statement - calEvent2 = driver.findElement(org.openqa.selenium.By.xpath("(//div[contains(@class, 'cal-unavail')]/div[@class='cal-event-title'])[1]")): null

2018-10-28 00:14:24 - [TEST_STEP][PASSED] - Statement - calEvent = driver.findElement(org.openqa.selenium.By.xpath("(//div[contains(@class, 'cal-unavail')]/div[@class='cal-event-title'])[1]")): null

2018-10-28 00:14:24 - [TEST_STEP][PASSED] - basePackage.BaseClass.waitElementClickable: basePackage.BaseClass.waitElementClickable is PASSED

2018-10-28 00:14:24 - [MESSAGE][PASSED] - basePackage.BaseClass.waitElementClickable is PASSED

2018-10-28 00:14:24 - [TEST_STEP][PASSED] - Statement - calEvent.click(): null

2018-10-28 00:14:24 - [TEST_STEP][PASSED] - waitForElementClickable: Object 'Object Repository/CalenderPage/eventDeleteButton' is clickable

2018-10-28 00:14:25 - [MESSAGE][PASSED] - Object 'Object Repository/CalenderPage/eventDeleteButton' is clickable

2018-10-28 00:14:25 - [TEST_STEP][PASSED] - click: Object: 'Object Repository/CalenderPage/eventDeleteButton' is clicked on

2018-10-28 00:14:25 - [MESSAGE][PASSED] - Object: 'Object Repository/CalenderPage/eventDeleteButton' is clicked on

2018-10-28 00:14:25 - [TEST_STEP][PASSED] - waitForElementClickable: Object 'Object Repository/MainObjects/SuccessNotification' is clickable

2018-10-28 00:14:26 - [MESSAGE][PASSED] - Object 'Object Repository/MainObjects/SuccessNotification' is clickable

2018-10-28 00:14:26 - [TEST_STEP][PASSED] - verifyElementText: Actual text and expected text of test object 'Object Repository/MainObjects/SuccessNotification' are matched.

2018-10-28 00:14:26 - [MESSAGE][PASSED] - Actual text and expected text of test object 'Object Repository/MainObjects/SuccessNotification' are matched.

2018-10-28 00:14:26 - [TEST_STEP][PASSED] - click: Object: 'Object Repository/MainObjects/SuccessNotification' is clicked on

2018-10-28 00:14:26 - [MESSAGE][PASSED] - Object: 'Object Repository/MainObjects/SuccessNotification' is clicked on

2018-10-28 00:14:26 - [TEST_STEP][PASSED] - delay: Delayed 5 second(s)

2018-10-28 00:14:31 - [MESSAGE][PASSED] - Delayed 5 second(s)

2018-10-28 00:14:31 - [TEST_STEP][PASSED] - Statement - Try: null

2018-10-28 00:14:31 - [TEST_STEP][PASSED] - Statement - calEvent2 = driver.findElement(org.openqa.selenium.By.xpath("(//div[contains(@class, 'cal-unavail')]/div[@class='cal-event-title'])[1]")): null

2018-10-28 00:14:31 - [TEST_STEP][PASSED] - Statement - calEvent = driver.findElement(org.openqa.selenium.By.xpath("(//div[contains(@class, 'cal-unavail')]/div[@class='cal-event-title'])[1]")): null

2018-10-28 00:14:31 - [TEST_STEP][PASSED] - basePackage.BaseClass.waitElementClickable: basePackage.BaseClass.waitElementClickable is PASSED

2018-10-28 00:14:31 - [MESSAGE][PASSED] - basePackage.BaseClass.waitElementClickable is PASSED

2018-10-28 00:14:31 - [TEST_STEP][PASSED] - Statement - calEvent.click(): null

2018-10-28 00:14:31 - [TEST_STEP][PASSED] - waitForElementClickable: Object 'Object Repository/CalenderPage/eventDeleteButton' is clickable

2018-10-28 00:14:32 - [MESSAGE][PASSED] - Object 'Object Repository/CalenderPage/eventDeleteButton' is clickable

2018-10-28 00:14:32 - [TEST_STEP][PASSED] - click: Object: 'Object Repository/CalenderPage/eventDeleteButton' is clicked on

2018-10-28 00:14:32 - [MESSAGE][PASSED] - Object: 'Object Repository/CalenderPage/eventDeleteButton' is clicked on

2018-10-28 00:14:32 - [TEST_STEP][PASSED] - waitForElementClickable: Object 'Object Repository/MainObjects/SuccessNotification' is clickable

2018-10-28 00:14:32 - [MESSAGE][PASSED] - Object 'Object Repository/MainObjects/SuccessNotification' is clickable

2018-10-28 00:14:32 - [TEST_STEP][PASSED] - verifyElementText: Actual text and expected text of test object 'Object Repository/MainObjects/SuccessNotification' are matched.

2018-10-28 00:14:32 - [MESSAGE][PASSED] - Actual text and expected text of test object 'Object Repository/MainObjects/SuccessNotification' are matched.

2018-10-28 00:14:32 - [TEST_STEP][PASSED] - click: Object: 'Object Repository/MainObjects/SuccessNotification' is clicked on

2018-10-28 00:14:32 - [MESSAGE][PASSED] - Object: 'Object Repository/MainObjects/SuccessNotification' is clicked on

2018-10-28 00:14:32 - [TEST_STEP][PASSED] - delay: Delayed 5 second(s)

2018-10-28 00:14:37 - [MESSAGE][PASSED] - Delayed 5 second(s)

2018-10-28 00:14:37 - [TEST_STEP][PASSED] - Statement - Try: null

2018-10-28 00:14:37 - [TEST_STEP][PASSED] - Statement - calEvent2 = driver.findElement(org.openqa.selenium.By.xpath("(//div[contains(@class, 'cal-unavail')]/div[@class='cal-event-title'])[1]")): null

2018-10-28 00:14:37 - [TEST_STEP][PASSED] - Statement - calEvent = driver.findElement(org.openqa.selenium.By.xpath("(//div[contains(@class, 'cal-unavail')]/div[@class='cal-event-title'])[1]")): null

2018-10-28 00:14:37 - [TEST_STEP][PASSED] - basePackage.BaseClass.waitElementClickable: basePackage.BaseClass.waitElementClickable is PASSED

2018-10-28 00:14:37 - [MESSAGE][PASSED] - basePackage.BaseClass.waitElementClickable is PASSED

2018-10-28 00:14:37 - [TEST_STEP][PASSED] - Statement - calEvent.click(): null

2018-10-28 00:14:38 - [TEST_STEP][PASSED] - waitForElementClickable: Object 'Object Repository/CalenderPage/eventDeleteButton' is clickable

2018-10-28 00:14:38 - [MESSAGE][PASSED] - Object 'Object Repository/CalenderPage/eventDeleteButton' is clickable

2018-10-28 00:14:38 - [TEST_STEP][PASSED] - click: Object: 'Object Repository/CalenderPage/eventDeleteButton' is clicked on

2018-10-28 00:14:38 - [MESSAGE][PASSED] - Object: 'Object Repository/CalenderPage/eventDeleteButton' is clicked on

2018-10-28 00:14:38 - [TEST_STEP][PASSED] - waitForElementClickable: Object 'Object Repository/MainObjects/SuccessNotification' is clickable

2018-10-28 00:14:39 - [MESSAGE][PASSED] - Object 'Object Repository/MainObjects/SuccessNotification' is clickable

2018-10-28 00:14:39 - [TEST_STEP][PASSED] - verifyElementText: Actual text and expected text of test object 'Object Repository/MainObjects/SuccessNotification' are matched.

2018-10-28 00:14:39 - [MESSAGE][PASSED] - Actual text and expected text of test object 'Object Repository/MainObjects/SuccessNotification' are matched.

2018-10-28 00:14:39 - [TEST_STEP][PASSED] - click: Object: 'Object Repository/MainObjects/SuccessNotification' is clicked on

2018-10-28 00:14:39 - [MESSAGE][PASSED] - Object: 'Object Repository/MainObjects/SuccessNotification' is clicked on

2018-10-28 00:14:39 - [TEST_STEP][PASSED] - delay: Delayed 5 second(s)

2018-10-28 00:14:44 - [MESSAGE][PASSED] - Delayed 5 second(s)

2018-10-28 00:14:44 - [TEST_STEP][PASSED] - Statement - Try: null

2018-10-28 00:14:44 - [TEST_STEP][PASSED] - Statement - calEvent2 = driver.findElement(org.openqa.selenium.By.xpath("(//div[contains(@class, 'cal-unavail')]/div[@class='cal-event-title'])[1]")): null

2018-10-28 00:14:44 - [TEST_STEP][PASSED] - Statement - Catch (Exception e): null

2018-10-28 00:14:44 - [TEST_STEP][PASSED] - Statement - Break: null

2018-10-28 00:14:44 - [MESSAGE][PASSED] - Call Test Case 'Test Cases/Helper/deleteOutoOfOrder' successfully

2018-10-28 00:14:44 - [TEST_STEP][PASSED] - closeBrowser: Browser is closed

2018-10-28 00:14:44 - [MESSAGE][PASSED] - Browser is closed]]></system-out>
         <system-err><![CDATA[]]></system-err>
      </testcase>
      <testcase name="Test Cases/CalenderPage/testCalenderSplit" classname="Test Cases/CalenderPage/testCalenderSplit" status="PASSED">
         <system-out><![CDATA[2018-10-28 00:14:44 - [TEST_CASE][PASSED] - Test Cases/CalenderPage/testCalenderSplit: Test Cases/CalenderPage/testCalenderSplit

2018-10-28 00:14:44 - [TEST_STEP][PASSED] - callTestCase: Call Test Case 'Test Cases/Base7Login/Login' successfully

2018-10-28 00:14:44 - [TEST_CASE][PASSED] - Test Cases/Base7Login/Login: Test Cases/Base7Login/Login

2018-10-28 00:14:44 - [TEST_STEP][PASSED] - openBrowser: Browser is opened with url: ''

2018-10-28 00:14:46 - [MESSAGE][PASSED] - Browser is opened with url: ''

2018-10-28 00:14:46 - [TEST_STEP][PASSED] - waitForPageLoad: Wait for page load successfully

2018-10-28 00:14:46 - [MESSAGE][PASSED] - Wait for page load successfully

2018-10-28 00:14:46 - [TEST_STEP][PASSED] - navigateToUrl: Navigate to 'https://waccamaw.base7.io/' successfully

2018-10-28 00:14:52 - [MESSAGE][PASSED] - Navigate to 'https://waccamaw.base7.io/' successfully

2018-10-28 00:14:52 - [TEST_STEP][PASSED] - waitForElementVisible: Object 'Object Repository/LoginPage/usernameinput' is visible

2018-10-28 00:14:52 - [MESSAGE][PASSED] - Object 'Object Repository/LoginPage/usernameinput' is visible

2018-10-28 00:14:52 - [TEST_STEP][PASSED] - sendKeys: Keys 'admin' sent to object: 'Object Repository/LoginPage/usernameinput'

2018-10-28 00:14:52 - [MESSAGE][PASSED] - Keys 'admin' sent to object: 'Object Repository/LoginPage/usernameinput'

2018-10-28 00:14:52 - [TEST_STEP][PASSED] - sendKeys: Keys 'admin123' sent to object: 'Object Repository/LoginPage/passwordinput'

2018-10-28 00:14:52 - [MESSAGE][PASSED] - Keys 'admin123' sent to object: 'Object Repository/LoginPage/passwordinput'

2018-10-28 00:14:52 - [TEST_STEP][PASSED] - click: Object: 'Object Repository/LoginPage/signinbutton' is clicked on

2018-10-28 00:14:52 - [MESSAGE][PASSED] - Object: 'Object Repository/LoginPage/signinbutton' is clicked on

2018-10-28 00:14:52 - [TEST_STEP][PASSED] - waitForPageLoad: Wait for page load successfully

2018-10-28 00:14:52 - [MESSAGE][PASSED] - Wait for page load successfully

2018-10-28 00:14:52 - [TEST_STEP][PASSED] - verifyElementPresent: Object 'Object Repository/CalenderPage/newRezervationButton' is present

2018-10-28 00:14:56 - [MESSAGE][PASSED] - Object 'Object Repository/CalenderPage/newRezervationButton' is present

2018-10-28 00:14:56 - [MESSAGE][PASSED] - Call Test Case 'Test Cases/Base7Login/Login' successfully

2018-10-28 00:14:56 - [TEST_STEP][PASSED] - callTestCase: Call Test Case 'Test Cases/Helper/deleteRezervation' successfully

2018-10-28 00:14:56 - [TEST_CASE][PASSED] - Test Cases/Helper/deleteRezervation: Test Cases/Helper/deleteRezervation

2018-10-28 00:14:56 - [TEST_STEP][FAILED] - Statement - Try: Unable to verify object 'Object Repository/CalenderPage/rezervation' is visible (Root cause: org.openqa.selenium.InvalidSelectorException: invalid selector: Unable to locate an element with the xpath expression  because of the following error:
SyntaxError: Failed to execute 'evaluate' on 'Document': The string '' is not a valid XPath expression.
  (Session info: chrome=70.0.3538.77)
  (Driver info: chromedriver=2.35.528157 (4429ca2590d6988c0745c24c8858745aaaec01ef),platform=Mac OS X 10.14.0 x86_64) (WARNING: The server did not provide any stacktrace information)
Command duration or timeout: 0 milliseconds
For documentation on this error, please visit: http://seleniumhq.org/exceptions/invalid_selector_exception.html
Build info: version: '3.7.1', revision: '8a0099a', time: '2017-11-06T21:07:36.161Z'
System info: host: 'Enes-MacBook-Air.local', ip: 'fe80:0:0:0:10c2:32f2:6b9:4db8%en0', os.name: 'Mac OS X', os.arch: 'x86_64', os.version: '10.14', java.version: '1.8.0_181'
Driver info: com.kms.katalon.selenium.driver.CChromeDriver
Capabilities {acceptInsecureCerts: false, acceptSslCerts: false, applicationCacheEnabled: false, browserConnectionEnabled: false, browserName: chrome, chrome: {chromedriverVersion: 2.35.528157 (4429ca2590d698..., userDataDir: /var/folders/kr/9v7lxhbx5y7...}, cssSelectorsEnabled: true, databaseEnabled: false, handlesAlerts: true, hasTouchScreen: false, javascriptEnabled: true, locationContextEnabled: true, mobileEmulationEnabled: false, nativeEvents: true, networkConnectionEnabled: false, pageLoadStrategy: normal, platform: MAC, platformName: MAC, rotatable: false, setWindowRect: true, takesHeapSnapshot: true, takesScreenshot: true, unexpectedAlertBehaviour: , unhandledPromptBehavior: , version: 70.0.3538.77, webStorageEnabled: true}
Session ID: 737b4331e87b3ad69afc20ff6f1de8f7
*** Element info: {Using=xpath, value=})

2018-10-28 00:14:56 - [TEST_STEP][FAILED] - Statement - While (com.kms.katalon.core.webui.keyword.WebUiBuiltInKeywords.verifyElementVisible(com.kms.katalon.core.testobject.ObjectRepository.findTestObject(CalenderPage/rezervation))): Unable to verify object 'Object Repository/CalenderPage/rezervation' is visible (Root cause: org.openqa.selenium.InvalidSelectorException: invalid selector: Unable to locate an element with the xpath expression  because of the following error:
SyntaxError: Failed to execute 'evaluate' on 'Document': The string '' is not a valid XPath expression.
  (Session info: chrome=70.0.3538.77)
  (Driver info: chromedriver=2.35.528157 (4429ca2590d6988c0745c24c8858745aaaec01ef),platform=Mac OS X 10.14.0 x86_64) (WARNING: The server did not provide any stacktrace information)
Command duration or timeout: 0 milliseconds
For documentation on this error, please visit: http://seleniumhq.org/exceptions/invalid_selector_exception.html
Build info: version: '3.7.1', revision: '8a0099a', time: '2017-11-06T21:07:36.161Z'
System info: host: 'Enes-MacBook-Air.local', ip: 'fe80:0:0:0:10c2:32f2:6b9:4db8%en0', os.name: 'Mac OS X', os.arch: 'x86_64', os.version: '10.14', java.version: '1.8.0_181'
Driver info: com.kms.katalon.selenium.driver.CChromeDriver
Capabilities {acceptInsecureCerts: false, acceptSslCerts: false, applicationCacheEnabled: false, browserConnectionEnabled: false, browserName: chrome, chrome: {chromedriverVersion: 2.35.528157 (4429ca2590d698..., userDataDir: /var/folders/kr/9v7lxhbx5y7...}, cssSelectorsEnabled: true, databaseEnabled: false, handlesAlerts: true, hasTouchScreen: false, javascriptEnabled: true, locationContextEnabled: true, mobileEmulationEnabled: false, nativeEvents: true, networkConnectionEnabled: false, pageLoadStrategy: normal, platform: MAC, platformName: MAC, rotatable: false, setWindowRect: true, takesHeapSnapshot: true, takesScreenshot: true, unexpectedAlertBehaviour: , unhandledPromptBehavior: , version: 70.0.3538.77, webStorageEnabled: true}
Session ID: 737b4331e87b3ad69afc20ff6f1de8f7
*** Element info: {Using=xpath, value=})

2018-10-28 00:15:01 - [MESSAGE][FAILED] - Unable to verify object 'Object Repository/CalenderPage/rezervation' is visible (Root cause: org.openqa.selenium.InvalidSelectorException: invalid selector: Unable to locate an element with the xpath expression  because of the following error:
SyntaxError: Failed to execute 'evaluate' on 'Document': The string '' is not a valid XPath expression.
  (Session info: chrome=70.0.3538.77)
  (Driver info: chromedriver=2.35.528157 (4429ca2590d6988c0745c24c8858745aaaec01ef),platform=Mac OS X 10.14.0 x86_64) (WARNING: The server did not provide any stacktrace information)
Command duration or timeout: 0 milliseconds
For documentation on this error, please visit: http://seleniumhq.org/exceptions/invalid_selector_exception.html
Build info: version: '3.7.1', revision: '8a0099a', time: '2017-11-06T21:07:36.161Z'
System info: host: 'Enes-MacBook-Air.local', ip: 'fe80:0:0:0:10c2:32f2:6b9:4db8%en0', os.name: 'Mac OS X', os.arch: 'x86_64', os.version: '10.14', java.version: '1.8.0_181'
Driver info: com.kms.katalon.selenium.driver.CChromeDriver
Capabilities {acceptInsecureCerts: false, acceptSslCerts: false, applicationCacheEnabled: false, browserConnectionEnabled: false, browserName: chrome, chrome: {chromedriverVersion: 2.35.528157 (4429ca2590d698..., userDataDir: /var/folders/kr/9v7lxhbx5y7...}, cssSelectorsEnabled: true, databaseEnabled: false, handlesAlerts: true, hasTouchScreen: false, javascriptEnabled: true, locationContextEnabled: true, mobileEmulationEnabled: false, nativeEvents: true, networkConnectionEnabled: false, pageLoadStrategy: normal, platform: MAC, platformName: MAC, rotatable: false, setWindowRect: true, takesHeapSnapshot: true, takesScreenshot: true, unexpectedAlertBehaviour: , unhandledPromptBehavior: , version: 70.0.3538.77, webStorageEnabled: true}
Session ID: 737b4331e87b3ad69afc20ff6f1de8f7
*** Element info: {Using=xpath, value=})
[[ATTACHMENT|/Users/enesaydin/Katalon Studio/base7AutomationProject/Reports/All Test Cases/20181028_001342/1540674901681.png]]

2018-10-28 00:15:01 - [TEST_STEP][PASSED] - Statement - Catch (Exception e): null

2018-10-28 00:15:01 - [MESSAGE][PASSED] - Call Test Case 'Test Cases/Helper/deleteRezervation' successfully

2018-10-28 00:15:01 - [TEST_STEP][PASSED] - callTestCase: Call Test Case 'Test Cases/Helper/NewRezervation' successfully

2018-10-28 00:15:02 - [TEST_CASE][PASSED] - Test Cases/Helper/NewRezervation: Test Cases/Helper/NewRezervation

2018-10-28 00:15:02 - [TEST_STEP][PASSED] - waitForElementClickable: Object 'Object Repository/CalenderPage/newRezervationButton' is clickable

2018-10-28 00:15:02 - [MESSAGE][PASSED] - Object 'Object Repository/CalenderPage/newRezervationButton' is clickable

2018-10-28 00:15:02 - [TEST_STEP][PASSED] - click: Object: 'Object Repository/CalenderPage/newRezervationButton' is clicked on

2018-10-28 00:15:02 - [MESSAGE][PASSED] - Object: 'Object Repository/CalenderPage/newRezervationButton' is clicked on

2018-10-28 00:15:02 - [TEST_STEP][PASSED] - waitForElementClickable: Object 'Object Repository/CalenderPage/1stFloor103' is clickable

2018-10-28 00:15:02 - [MESSAGE][PASSED] - Object 'Object Repository/CalenderPage/1stFloor103' is clickable

2018-10-28 00:15:02 - [TEST_STEP][PASSED] - doubleClick: Object: 'Object Repository/CalenderPage/1stFloor103' is double clicked on

2018-10-28 00:15:02 - [MESSAGE][PASSED] - Object: 'Object Repository/CalenderPage/1stFloor103' is double clicked on

2018-10-28 00:15:02 - [TEST_STEP][PASSED] - Statement - x = com.kms.katalon.core.webui.keyword.WebUiBuiltInKeywords.getElementLeftPosition(com.kms.katalon.core.testobject.ObjectRepository.findTestObject(CalenderPage/1stFloor103), STOP_ON_FAILURE): Left position of element 'Object Repository/CalenderPage/1stFloor103' is '226'

2018-10-28 00:15:02 - [MESSAGE][PASSED] - Left position of element 'Object Repository/CalenderPage/1stFloor103' is '226'

2018-10-28 00:15:02 - [TEST_STEP][PASSED] - clickOffset: Object: 'Object Repository/CalenderPage/1stFloor103' is clicked on using offset x=376 and y=326

2018-10-28 00:15:02 - [MESSAGE][PASSED] - Object: 'Object Repository/CalenderPage/1stFloor103' is clicked on using offset x=376 and y=326

2018-10-28 00:15:02 - [TEST_STEP][PASSED] - waitForElementVisible: Object 'Object Repository/CalenderPage/rezervationPopup/titleSelect' is visible

2018-10-28 00:15:03 - [MESSAGE][PASSED] - Object 'Object Repository/CalenderPage/rezervationPopup/titleSelect' is visible

2018-10-28 00:15:03 - [TEST_STEP][PASSED] - selectOptionByLabel: All options with label 'Mrs' are selected in object 'Object Repository/CalenderPage/rezervationPopup/titleSelect' 

2018-10-28 00:15:03 - [MESSAGE][PASSED] - All options with label 'Mrs' are selected in object 'Object Repository/CalenderPage/rezervationPopup/titleSelect' 

2018-10-28 00:15:03 - [TEST_STEP][PASSED] - sendKeys: Keys '05348521123' sent to object: 'Object Repository/CalenderPage/rezervationPopup/cellNoInput'

2018-10-28 00:15:03 - [MESSAGE][PASSED] - Keys '05348521123' sent to object: 'Object Repository/CalenderPage/rezervationPopup/cellNoInput'

2018-10-28 00:15:03 - [TEST_STEP][PASSED] - sendKeys: Keys 'Test Company' sent to object: 'Object Repository/CalenderPage/rezervationPopup/companyInput'

2018-10-28 00:15:03 - [MESSAGE][PASSED] - Keys 'Test Company' sent to object: 'Object Repository/CalenderPage/rezervationPopup/companyInput'

2018-10-28 00:15:03 - [TEST_STEP][PASSED] - sendKeys: Keys 'test' sent to object: 'Object Repository/CalenderPage/rezervationPopup/firstNameInput'

2018-10-28 00:15:03 - [MESSAGE][PASSED] - Keys 'test' sent to object: 'Object Repository/CalenderPage/rezervationPopup/firstNameInput'

2018-10-28 00:15:03 - [TEST_STEP][PASSED] - sendKeys: Keys 'user' sent to object: 'Object Repository/CalenderPage/rezervationPopup/lastNameInput'

2018-10-28 00:15:04 - [MESSAGE][PASSED] - Keys 'user' sent to object: 'Object Repository/CalenderPage/rezervationPopup/lastNameInput'

2018-10-28 00:15:04 - [TEST_STEP][PASSED] - sendKeys: Keys 'testuser@mail.com' sent to object: 'Object Repository/CalenderPage/rezervationPopup/emailInput'

2018-10-28 00:15:04 - [MESSAGE][PASSED] - Keys 'testuser@mail.com' sent to object: 'Object Repository/CalenderPage/rezervationPopup/emailInput'

2018-10-28 00:15:04 - [TEST_STEP][PASSED] - selectOptionByLabel: All options with label 'Turkey (TR)' are selected in object 'Object Repository/CalenderPage/rezervationPopup/countrySelect' 

2018-10-28 00:15:04 - [MESSAGE][PASSED] - All options with label 'Turkey (TR)' are selected in object 'Object Repository/CalenderPage/rezervationPopup/countrySelect' 

2018-10-28 00:15:04 - [TEST_STEP][PASSED] - sendKeys: Keys 'test test test test' sent to object: 'Object Repository/CalenderPage/rezervationPopup/commentTextArea'

2018-10-28 00:15:04 - [MESSAGE][PASSED] - Keys 'test test test test' sent to object: 'Object Repository/CalenderPage/rezervationPopup/commentTextArea'

2018-10-28 00:15:04 - [TEST_STEP][PASSED] - click: Object: 'Object Repository/CalenderPage/rezervationPopup/okButton1' is clicked on

2018-10-28 00:15:05 - [MESSAGE][PASSED] - Object: 'Object Repository/CalenderPage/rezervationPopup/okButton1' is clicked on

2018-10-28 00:15:05 - [TEST_STEP][PASSED] - waitForElementClickable: Object 'Object Repository/CalenderPage/rezervationPopup/okButton2' is clickable

2018-10-28 00:15:05 - [MESSAGE][PASSED] - Object 'Object Repository/CalenderPage/rezervationPopup/okButton2' is clickable

2018-10-28 00:15:05 - [TEST_STEP][PASSED] - click: Object: 'Object Repository/CalenderPage/rezervationPopup/okButton2' is clicked on

2018-10-28 00:15:05 - [MESSAGE][PASSED] - Object: 'Object Repository/CalenderPage/rezervationPopup/okButton2' is clicked on

2018-10-28 00:15:05 - [TEST_STEP][PASSED] - waitForElementClickable: Object 'Object Repository/CalenderPage/closeButton' is clickable

2018-10-28 00:15:06 - [MESSAGE][PASSED] - Object 'Object Repository/CalenderPage/closeButton' is clickable

2018-10-28 00:15:06 - [TEST_STEP][PASSED] - verifyElementText: Actual text and expected text of test object 'Object Repository/CalenderPage/reservationSuccessfullPopup' are matched.

2018-10-28 00:15:06 - [MESSAGE][PASSED] - Actual text and expected text of test object 'Object Repository/CalenderPage/reservationSuccessfullPopup' are matched.

2018-10-28 00:15:06 - [TEST_STEP][PASSED] - click: Object: 'Object Repository/CalenderPage/closeButton' is clicked on

2018-10-28 00:15:06 - [MESSAGE][PASSED] - Object: 'Object Repository/CalenderPage/closeButton' is clicked on

2018-10-28 00:15:06 - [MESSAGE][PASSED] - Call Test Case 'Test Cases/Helper/NewRezervation' successfully

2018-10-28 00:15:06 - [TEST_STEP][PASSED] - callTestCase: Call Test Case 'Test Cases/Helper/splitRezervation' successfully

2018-10-28 00:15:06 - [TEST_CASE][PASSED] - Test Cases/Helper/splitRezervation: Test Cases/Helper/splitRezervation

2018-10-28 00:15:06 - [TEST_STEP][PASSED] - waitForElementClickable: Object 'Object Repository/CalenderPage/splitButton' is clickable

2018-10-28 00:15:06 - [MESSAGE][PASSED] - Object 'Object Repository/CalenderPage/splitButton' is clickable

2018-10-28 00:15:06 - [TEST_STEP][PASSED] - click: Object: 'Object Repository/CalenderPage/splitButton' is clicked on

2018-10-28 00:15:07 - [MESSAGE][PASSED] - Object: 'Object Repository/CalenderPage/splitButton' is clicked on

2018-10-28 00:15:07 - [TEST_STEP][PASSED] - waitForElementClickable: Object 'Object Repository/CalenderPage/rezervation' is clickable

2018-10-28 00:15:07 - [MESSAGE][PASSED] - Object 'Object Repository/CalenderPage/rezervation' is clickable

2018-10-28 00:15:07 - [TEST_STEP][PASSED] - click: Object: 'Object Repository/CalenderPage/rezervation' is clicked on

2018-10-28 00:15:07 - [MESSAGE][PASSED] - Object: 'Object Repository/CalenderPage/rezervation' is clicked on

2018-10-28 00:15:07 - [TEST_STEP][PASSED] - waitForElementClickable: Object 'Object Repository/CalenderPage/seperator' is clickable

2018-10-28 00:15:07 - [MESSAGE][PASSED] - Object 'Object Repository/CalenderPage/seperator' is clickable

2018-10-28 00:15:07 - [TEST_STEP][PASSED] - click: Object: 'Object Repository/CalenderPage/seperator' is clicked on

2018-10-28 00:15:07 - [MESSAGE][PASSED] - Object: 'Object Repository/CalenderPage/seperator' is clicked on

2018-10-28 00:15:07 - [MESSAGE][PASSED] - Call Test Case 'Test Cases/Helper/splitRezervation' successfully

2018-10-28 00:15:07 - [TEST_STEP][PASSED] - verifyElementPresent: Object 'Object Repository/CalenderPage/rezervation' is present

2018-10-28 00:15:07 - [MESSAGE][PASSED] - Object 'Object Repository/CalenderPage/rezervation' is present

2018-10-28 00:15:07 - [TEST_STEP][PASSED] - verifyElementPresent: Object 'Object Repository/CalenderPage/rezervationSplit' is present

2018-10-28 00:15:08 - [MESSAGE][PASSED] - Object 'Object Repository/CalenderPage/rezervationSplit' is present

2018-10-28 00:15:08 - [TEST_STEP][PASSED] - closeBrowser: Browser is closed

2018-10-28 00:15:09 - [MESSAGE][PASSED] - Browser is closed]]></system-out>
         <system-err><![CDATA[]]></system-err>
      </testcase>
      <testcase name="Test Cases/Rezervations/testRezervationSend" classname="Test Cases/Rezervations/testRezervationSend" status="PASSED">
         <system-out><![CDATA[2018-10-28 00:15:09 - [TEST_CASE][PASSED] - Test Cases/Rezervations/testRezervationSend: Test Cases/Rezervations/testRezervationSend

2018-10-28 00:15:09 - [TEST_STEP][PASSED] - callTestCase: Call Test Case 'Test Cases/Base7Login/Login' successfully

2018-10-28 00:15:09 - [TEST_CASE][PASSED] - Test Cases/Base7Login/Login: Test Cases/Base7Login/Login

2018-10-28 00:15:09 - [TEST_STEP][PASSED] - openBrowser: Browser is opened with url: ''

2018-10-28 00:15:11 - [MESSAGE][PASSED] - Browser is opened with url: ''

2018-10-28 00:15:11 - [TEST_STEP][PASSED] - waitForPageLoad: Wait for page load successfully

2018-10-28 00:15:11 - [MESSAGE][PASSED] - Wait for page load successfully

2018-10-28 00:15:11 - [TEST_STEP][PASSED] - navigateToUrl: Navigate to 'https://waccamaw.base7.io/' successfully

2018-10-28 00:15:16 - [MESSAGE][PASSED] - Navigate to 'https://waccamaw.base7.io/' successfully

2018-10-28 00:15:16 - [TEST_STEP][PASSED] - waitForElementVisible: Object 'Object Repository/LoginPage/usernameinput' is visible

2018-10-28 00:15:16 - [MESSAGE][PASSED] - Object 'Object Repository/LoginPage/usernameinput' is visible

2018-10-28 00:15:16 - [TEST_STEP][PASSED] - sendKeys: Keys 'admin' sent to object: 'Object Repository/LoginPage/usernameinput'

2018-10-28 00:15:17 - [MESSAGE][PASSED] - Keys 'admin' sent to object: 'Object Repository/LoginPage/usernameinput'

2018-10-28 00:15:17 - [TEST_STEP][PASSED] - sendKeys: Keys 'admin123' sent to object: 'Object Repository/LoginPage/passwordinput'

2018-10-28 00:15:17 - [MESSAGE][PASSED] - Keys 'admin123' sent to object: 'Object Repository/LoginPage/passwordinput'

2018-10-28 00:15:17 - [TEST_STEP][PASSED] - click: Object: 'Object Repository/LoginPage/signinbutton' is clicked on

2018-10-28 00:15:17 - [MESSAGE][PASSED] - Object: 'Object Repository/LoginPage/signinbutton' is clicked on

2018-10-28 00:15:17 - [TEST_STEP][PASSED] - waitForPageLoad: Wait for page load successfully

2018-10-28 00:15:17 - [MESSAGE][PASSED] - Wait for page load successfully

2018-10-28 00:15:17 - [TEST_STEP][PASSED] - verifyElementPresent: Object 'Object Repository/CalenderPage/newRezervationButton' is present

2018-10-28 00:15:20 - [MESSAGE][PASSED] - Object 'Object Repository/CalenderPage/newRezervationButton' is present

2018-10-28 00:15:20 - [MESSAGE][PASSED] - Call Test Case 'Test Cases/Base7Login/Login' successfully

2018-10-28 00:15:20 - [TEST_STEP][PASSED] - navigateToUrl: Navigate to 'https://waccamaw.base7.io/reservation/1' successfully

2018-10-28 00:15:21 - [MESSAGE][PASSED] - Navigate to 'https://waccamaw.base7.io/reservation/1' successfully

2018-10-28 00:15:21 - [TEST_STEP][PASSED] - acceptAlert: Alert accepted

2018-10-28 00:15:21 - [MESSAGE][PASSED] - Alert accepted

2018-10-28 00:15:21 - [TEST_STEP][PASSED] - callTestCase: Call Test Case 'Test Cases/Helper/thankYouMailSend' successfully

2018-10-28 00:15:21 - [TEST_CASE][PASSED] - Test Cases/Helper/thankYouMailSend: Test Cases/Helper/thankYouMailSend

2018-10-28 00:15:21 - [TEST_STEP][PASSED] - waitForElementClickable: Object 'Object Repository/Rezervations/sendButton' is clickable

2018-10-28 00:15:24 - [MESSAGE][PASSED] - Object 'Object Repository/Rezervations/sendButton' is clickable

2018-10-28 00:15:24 - [TEST_STEP][PASSED] - click: Object: 'Object Repository/Rezervations/sendButton' is clicked on

2018-10-28 00:15:24 - [MESSAGE][PASSED] - Object: 'Object Repository/Rezervations/sendButton' is clicked on

2018-10-28 00:15:24 - [TEST_STEP][PASSED] - switchToWindowIndex: Switched to window with index: '1'

2018-10-28 00:15:24 - [MESSAGE][PASSED] - Switched to window with index: '1'

2018-10-28 00:15:24 - [TEST_STEP][PASSED] - waitForElementClickable: Object 'Object Repository/new-mail/thankYouButton' is clickable

2018-10-28 00:15:25 - [MESSAGE][PASSED] - Object 'Object Repository/new-mail/thankYouButton' is clickable

2018-10-28 00:15:25 - [TEST_STEP][PASSED] - click: Object: 'Object Repository/new-mail/thankYouButton' is clicked on

2018-10-28 00:15:28 - [MESSAGE][PASSED] - Object: 'Object Repository/new-mail/thankYouButton' is clicked on

2018-10-28 00:15:28 - [TEST_STEP][PASSED] - waitForPageLoad: Wait for page load successfully

2018-10-28 00:15:28 - [MESSAGE][PASSED] - Wait for page load successfully

2018-10-28 00:15:28 - [TEST_STEP][PASSED] - waitForElementClickable: Object 'Object Repository/new-mail/sendButton' is clickable

2018-10-28 00:15:28 - [MESSAGE][PASSED] - Object 'Object Repository/new-mail/sendButton' is clickable

2018-10-28 00:15:28 - [TEST_STEP][PASSED] - click: Object: 'Object Repository/new-mail/sendButton' is clicked on

2018-10-28 00:15:33 - [MESSAGE][PASSED] - Object: 'Object Repository/new-mail/sendButton' is clicked on

2018-10-28 00:15:33 - [TEST_STEP][PASSED] - waitForElementClickable: Object 'Object Repository/new-mail/sentSuccessfullBox' is clickable

2018-10-28 00:15:33 - [MESSAGE][PASSED] - Object 'Object Repository/new-mail/sentSuccessfullBox' is clickable

2018-10-28 00:15:33 - [TEST_STEP][PASSED] - verifyElementText: Actual text and expected text of test object 'Object Repository/new-mail/sentSuccessfullBox' are matched.

2018-10-28 00:15:33 - [MESSAGE][PASSED] - Actual text and expected text of test object 'Object Repository/new-mail/sentSuccessfullBox' are matched.

2018-10-28 00:15:33 - [MESSAGE][PASSED] - Call Test Case 'Test Cases/Helper/thankYouMailSend' successfully

2018-10-28 00:15:33 - [TEST_STEP][PASSED] - closeBrowser: Browser is closed

2018-10-28 00:15:33 - [MESSAGE][PASSED] - Browser is closed]]></system-out>
         <system-err><![CDATA[]]></system-err>
      </testcase>
      <system-out><![CDATA[2018-10-28 00:13:45 - [TEST_SUITE][PASSED] - All Test Cases: Test Cases/Rezervations/testRezervationSend]]></system-out>
      <system-err><![CDATA[]]></system-err>
   </testsuite>
</testsuites>
